
<table class="alt">
											<thead style="font-weight:bold;">
												<tr>
													<th align="center">周一</th>
													<th align="center">週二</th>
													<th align="center">周三</th>
													<th align="center">週四</th>
													<th align="center">周五</th>
												</tr>
											</thead>
											<tbody style="font-weight:bold;">
												<tr>
													<td align="center">力學二</br><font size="2">戴嘉亨</font></td>
													<td align="center">班會</br><font size="2">李宜靜</font></td>
													<td align="center">英語文</br><font size="2">黃姵蓁</font></td>
													<td align="center">家政</br><font size="2">黃姵蓁</font></td>
													<td align="center">數學A</br><font size="2">吳忠福</font></td>
													</tr>
													<td align="center">物質能量</br><font size="2">李惠貞</font></td>
													<td align="center">國語文</br><font size="2">王麗月</font></td>
													<td align="center">數學A</br><font size="2">吳忠福</font></td>
													<td align="center">家政</br><font size="2">黃姵蓁</font></td>
													<td align="center">英語文</br><font size="2">黃姵蓁</font></td>
													</tr>
													<td align="center">數學A</br><font size="2">吳忠福</font></td>
													<td align="center">體育</br><font size="2">龍興強</font></td>
													<td align="center">三創學堂</br><font size="2">XXX</font></td>
													<td align="center">國語文</br><font size="2">王麗月</font></td>
													<td align="center">彈性學習</br><font size="2">XXX</font></td>
													</tr>
													<td align="center">國語文</br><font size="2">王麗月</font></td>
													<td align="center">英語文</br><font size="2">黃姵蓁</font></td>
													<td align="center">三創學堂</br><font size="2">XXX</font></td>
													<td align="center">公民</br><font size="2">曹秀蘭</font></td>
													<td align="center">彈性學習</br><font size="2">XXX</font></td>
													</tr>
													</tr>
													<td align="center"></td>
													<td align="center"></td>
													<td align="center"></td>
													<td align="center"></td>
													<td align="center"></td>
													</tr>
													<td align="center">細胞遺傳</br><font size="2">李宜靜</font></td>
													<td align="center">數學A</br><font size="2">吳忠福</font></td>
													<td align="center">國語文</br><font size="2">王麗月</font></td>
													<td align="center">資訊科技</br><font size="2">陳學剛</font></td>
													<td align="center">公民</br><font size="2">曹秀蘭</font></td>
													</tr>
													<td align="center">英語文</br><font size="2">黃姵蓁</font></td>
													<td align="center">探究B</br><font size="2">李宜靜/陳光榮</font></td>
													<td align="center">資訊科技</br><font size="2">陳學剛</font></td>
													<td align="center">彈性(數)</br><font size="2">吳忠福</font></td>
													<td align="center">音樂</br><font size="2">楊天嘉</font></td>
													</tr>
													<td align="center">音樂</br><font size="2">楊天嘉</font></td>
													<td align="center">探究B</br><font size="2">李宜靜/陳光榮</font></td>
													<td align="center">力學二</br><font size="2">戴嘉亨</font></td>
													<td align="center">體育</br><font size="2">龍興強</font></td>
													<td align="center">社團活動</br><font size="2">XXX</font></td>
													</tr>
													<td align="center">數學(輔)</br><font size="2">吳忠福</font></td>
													<td align="center">國文(輔)</br><font size="2">王麗月</font></td>
													<td align="center">英文(輔)</br><font size="2">黃姵蓁</font></td>
													<td align="center">物理(輔)</br><font size="2">戴嘉亨</font></td>
													<td align="center">社團活動</br><font size="2">XXX</font></td>
													</tr>
												</tbody>
											</table>
										</div>